<?xml version="1.0" encoding="UTF-8"?>
<testsuite name="SolutionTest" tests="1" skipped="0" failures="0" errors="0" timestamp="2022-09-29T00:57:26" hostname="eunhuijeon-ui-MacBookAir.local" time="0.009">
  <properties/>
  <testcase name="sort()" classname="SolutionTest" time="0.009"/>
  <system-out><![CDATA[]]></system-out>
  <system-err><![CDATA[]]></system-err>
</testsuite>
