<?xml version="1.0" encoding="UTF-8"?>
<testsuite name="SolutionTest" tests="2" skipped="0" failures="0" errors="0" timestamp="2022-09-28T01:11:13" hostname="eunhuijeon-ui-MacBookAir.local" time="0.008">
  <properties/>
  <testcase name="reverseOrder()" classname="SolutionTest" time="0.007"/>
  <testcase name="reverseTest()" classname="SolutionTest" time="0.0"/>
  <system-out><![CDATA[]]></system-out>
  <system-err><![CDATA[]]></system-err>
</testsuite>
